<?xml version="1.0" encoding="UTF-8"?>
<!-- Generated by org.testng.reporters.JUnitReportReporter -->
<testsuite hostname="WKWIN2804049" failures="0" tests="1" name="com.testng.TestNgTestTwo" time="6.896" errors="0" timestamp="03 Jun 2022 09:36:25 GMT" skipped="0">
  <testcase classname="com.testng.TestNgTestTwo" name="f" time="6.896"/>
</testsuite> <!-- com.testng.TestNgTestTwo -->
