<?xml version="1.0" encoding="UTF-8"?>
<!-- Generated by org.testng.reporters.JUnitReportReporter -->
<testsuite hostname="WKWIN2804049" failures="0" tests="2" name="com.testng.TestNGTestCrossBrowser" time="27.422" errors="0" timestamp="26 Mar 2022 12:20:10 GMT" skipped="0">
  <testcase classname="com.testng.TestNGTestCrossBrowser" name="testCrossBrowser" time="12.616"/>
  <testcase classname="com.testng.TestNGTestCrossBrowser" name="testCrossBrowser" time="14.806"/>
</testsuite> <!-- com.testng.TestNGTestCrossBrowser -->
