<?xml version="1.0" encoding="UTF-8"?>
<!-- Generated by org.testng.reporters.JUnitReportReporter -->
<testsuite hostname="WKWIN2804049" failures="0" tests="1" name="com.testng.TestNgTest" time="0.006" errors="0" timestamp="2022-03-22T17:41:46 IST" skipped="0">
  <testcase classname="com.testng.TestNgTest" name="f" time="0.006"/>
  <system-out/>
</testsuite> <!-- com.testng.TestNgTest -->
